nohup: ignoring input
  Activating project at `~/BaseDeDatosConcesionario`
    Updating registry at `~/.julia/registries/General.toml`
   Resolving package versions...
  Installing 1 artifacts
   Installed artifact MbedTLS 2.2 MiB
     Project No packages added to or removed from `~/BaseDeDatosConcesionario/Project.toml`
    Manifest No packages added to or removed from `~/BaseDeDatosConcesionario/Manifest.toml`
Precompiling packages...
   1904.4 ms  ✓ SimpleBufferStream
   1954.4 ms  ✓ URIs
    977.2 ms  ✓ BitFlags
   1709.6 ms  ✓ ConcurrentUtilities
   1225.5 ms  ✓ TranscodingStreams
   1086.7 ms  ✓ LoggingExtras
   1353.7 ms  ✓ Preferences
   1245.1 ms  ✓ ExceptionUnwrapping
   1055.0 ms  ✓ CodecZlib
    925.6 ms  ✓ PrecompileTools
   1060.0 ms  ✓ JLLWrappers
   4432.3 ms  ✓ OpenSSL
   1234.9 ms  ✓ MbedTLS_jll
   1019.8 ms  ✓ MbedTLS
  21016.9 ms  ✓ HTTP
  15 dependencies successfully precompiled in 32 seconds. 17 already precompiled.
   Resolving package versions...
   Installed Parsers ───── v2.8.3
   Installed StructTypes ─ v1.11.0
   Installed JSON3 ─────── v1.14.3
    Updating `~/BaseDeDatosConcesionario/Project.toml`
  [0f8b85d8] + JSON3 v1.14.3
    Updating `~/BaseDeDatosConcesionario/Manifest.toml`
  [0f8b85d8] + JSON3 v1.14.3
  [69de0a69] + Parsers v2.8.3
  [856f2bd8] + StructTypes v1.11.0
  [a63ad114] + Mmap v1.11.0
Precompiling packages...
   1941.9 ms  ✓ StructTypes
  16058.2 ms  ✓ Parsers
   8205.0 ms  ✓ JSON3
  3 dependencies successfully precompiled in 24 seconds. 33 already precompiled.
   Resolving package versions...
   Installed DataAPI ───────────────────── v1.16.0
   Installed TableTraits ───────────────── v1.0.1
   Installed IrrationalConstants ───────── v0.2.6
   Installed Tables ────────────────────── v1.12.1
   Installed SpecialFunctions ──────────── v2.6.1
   Installed IteratorInterfaceExtensions ─ v1.0.0
   Installed DataValueInterfaces ───────── v1.0.0
   Installed OrderedCollections ────────── v1.8.1
   Installed MariaDB_Connector_C_jll ───── v3.3.9+0
   Installed DecFP ─────────────────────── v1.4.1
   Installed MySQL ─────────────────────── v1.4.7
   Installed DocStringExtensions ───────── v0.9.5
   Installed Libiconv_jll ──────────────── v1.18.0+0
   Installed OpenSpecFun_jll ───────────── v0.5.6+0
   Installed DecFP_jll ─────────────────── v2.0.300+0
   Installed LogExpFunctions ───────────── v0.3.29
   Installed DBInterface ───────────────── v2.6.1
  Installing 4 artifacts
   Installed artifact OpenSpecFun         194.9 KiB
   Installed artifact DecFP               2.3 MiB
   Installed artifact MariaDB_Connector_C 481.6 KiB
   Installed artifact Libiconv            1.9 MiB
    Updating `~/BaseDeDatosConcesionario/Project.toml`
  [39abe10b] + MySQL v1.4.7
    Updating `~/BaseDeDatosConcesionario/Manifest.toml`
  [a10d1c49] + DBInterface v2.6.1
  [9a962f9c] + DataAPI v1.16.0
  [e2d170a0] + DataValueInterfaces v1.0.0
  [55939f99] + DecFP v1.4.1
  [ffbed154] + DocStringExtensions v0.9.5
  [92d709cd] + IrrationalConstants v0.2.6
  [82899510] + IteratorInterfaceExtensions v1.0.0
  [2ab3a3ac] + LogExpFunctions v0.3.29
  [39abe10b] + MySQL v1.4.7
  [bac558e1] + OrderedCollections v1.8.1
  [276daf66] + SpecialFunctions v2.6.1
  [3783bdb8] + TableTraits v1.0.1
  [bd369af6] + Tables v1.12.1
  [47200ebd] + DecFP_jll v2.0.300+0
  [94ce4f54] + Libiconv_jll v1.18.0+0
  [aabc7e14] + MariaDB_Connector_C_jll v3.3.9+0
  [efe28fd5] + OpenSpecFun_jll v0.5.6+0
  [37e2e46d] + LinearAlgebra v1.12.0
  [e66e0078] + CompilerSupportLibraries_jll v1.3.0+1
  [deac9b47] + LibCURL_jll v8.11.1+1
  [29816b5a] + LibSSH2_jll v1.11.3+1
  [4536629a] + OpenBLAS_jll v0.3.29+0
  [05823500] + OpenLibm_jll v0.8.7+0
  [8e850b90] + libblastrampoline_jll v5.15.0+0
  [8e850ede] + nghttp2_jll v1.64.0+1
Precompiling packages...
   1144.0 ms  ✓ DBInterface
   1500.1 ms  ✓ OrderedCollections
    799.3 ms  ✓ DataValueInterfaces
   1133.0 ms  ✓ DocStringExtensions
    773.9 ms  ✓ IteratorInterfaceExtensions
    967.6 ms  ✓ DataAPI
   3296.8 ms  ✓ IrrationalConstants
   1347.8 ms  ✓ DecFP_jll
   1372.6 ms  ✓ Libiconv_jll
   1308.7 ms  ✓ OpenSpecFun_jll
    753.7 ms  ✓ TableTraits
   1226.9 ms  ✓ LogExpFunctions
   1302.9 ms  ✓ MariaDB_Connector_C_jll
   1640.4 ms  ✓ Tables
   2831.5 ms  ✓ SpecialFunctions
   1898.3 ms  ✓ DecFP
   2579.0 ms  ✓ MySQL
  17 dependencies successfully precompiled in 16 seconds. 41 already precompiled.
   Resolving package versions...
    Updating `~/BaseDeDatosConcesionario/Project.toml`
  [fa267f1f] + TOML v1.0.3
    Manifest No packages added to or removed from `~/BaseDeDatosConcesionario/Manifest.toml`
   Resolving package versions...
    Updating `~/BaseDeDatosConcesionario/Project.toml`
  [ade2ca70] + Dates v1.11.0
    Manifest No packages added to or removed from `~/BaseDeDatosConcesionario/Manifest.toml`
   Resolving package versions...
    Updating `~/BaseDeDatosConcesionario/Project.toml`
  [cf7118a7] + UUIDs v1.11.0
    Manifest No packages added to or removed from `~/BaseDeDatosConcesionario/Manifest.toml`
ADDING HTTP
ADDING JSON3
ADDING MySQL
ADDING TOML
ADDING Dates
ADDING UUIDs
